{
  "stats": {
    "suites": 1,
    "tests": 1,
    "passes": 0,
    "pending": 0,
    "failures": 1,
    "start": "2025-09-18T04:30:32.530Z",
    "end": "2025-09-18T04:30:32.859Z",
    "duration": 329,
    "testsRegistered": 1,
    "passPercent": 0,
    "pendingPercent": 0,
    "other": 0,
    "hasOther": false,
    "skipped": 0,
    "hasSkipped": false
  },
  "results": [
    {
      "uuid": "09b99c12-7055-4570-b1a1-2a1a38f2eb15",
      "title": "",
      "fullFile": "cypress\\e2e\\exp1.cy.js",
      "file": "cypress\\e2e\\exp1.cy.js",
      "beforeHooks": [],
      "afterHooks": [],
      "tests": [],
      "suites": [
        {
          "uuid": "22086e25-25c9-4aec-bf40-4de8a59fc0c2",
          "title": "OrangeHRM Screenshot Examples",
          "fullFile": "",
          "file": "",
          "beforeHooks": [],
          "afterHooks": [],
          "tests": [
            {
              "title": "demonstrates screenshot capabilities",
              "fullTitle": "OrangeHRM Screenshot Examples demonstrates screenshot capabilities",
              "timedOut": null,
              "duration": 271,
              "state": "failed",
              "speed": null,
              "pass": false,
              "fail": true,
              "pending": false,
              "context": null,
              "code": "// Visit login page\ncy.visit('/web/index.php/auth/login');\ncy.wait(2000);\n// Capture entire page\ncy.screenshot('login-page');\ncy.wait(2000);\n// Capture specific element\ncy.get('.orangehrm-login-branding').screenshot('login-logo');\n// Fill login form\ncy.get('input[name=\"username\"]').type('Admin');\ncy.get('input[name=\"password\"]').type('admin123');\n// Capture filled form\ncy.screenshot('login-form-filled');\n// Submit form\ncy.get('button[type=\"submit\"]').click();\n// Verify dashboard and capture\ncy.url().should('include', '/dashboard');\ncy.wait(2000);\ncy.screenshot('dashboard-page');",
              "err": {
                "message": "CypressError: `cy.visit()` failed trying to load:\n\n/web/index.php/auth/login\n\nWe failed looking for this file at the path:\n\n/cypress/web/index.php/auth/login\n\nThe internal Cypress web server responded with:\n\n  > 404: Not Found",
                "estack": "CypressError: `cy.visit()` failed trying to load:\n\n/web/index.php/auth/login\n\nWe failed looking for this file at the path:\n\n/cypress/web/index.php/auth/login\n\nThe internal Cypress web server responded with:\n\n  > 404: Not Found\n    at <unknown> (http://localhost:50578/__cypress/runner/cypress_runner.js:134982:76)\n    at visitFailedByErr (http://localhost:50578/__cypress/runner/cypress_runner.js:134552:12)\n    at <unknown> (http://localhost:50578/__cypress/runner/cypress_runner.js:134965:13)\n    at tryCatcher (http://localhost:50578/__cypress/runner/cypress_runner.js:1777:23)\n    at Promise._settlePromiseFromHandler (http://localhost:50578/__cypress/runner/cypress_runner.js:1489:31)\n    at Promise._settlePromise (http://localhost:50578/__cypress/runner/cypress_runner.js:1546:18)\n    at Promise._settlePromise0 (http://localhost:50578/__cypress/runner/cypress_runner.js:1591:10)\n    at Promise._settlePromises (http://localhost:50578/__cypress/runner/cypress_runner.js:1667:18)\n    at _drainQueueStep (http://localhost:50578/__cypress/runner/cypress_runner.js:2377:12)\n    at _drainQueue (http://localhost:50578/__cypress/runner/cypress_runner.js:2370:9)\n    at Async._drainQueues (http://localhost:50578/__cypress/runner/cypress_runner.js:2386:5)\n    at Async.drainQueues (http://localhost:50578/__cypress/runner/cypress_runner.js:2256:14)\nFrom Your Spec Code:\n    at Context.eval (webpack:///./cypress/e2e/exp1.cy.js:4:3)",
                "diff": null
              },
              "uuid": "0005e686-edff-4cd9-bb49-40518ca5cc73",
              "parentUUID": "22086e25-25c9-4aec-bf40-4de8a59fc0c2",
              "isHook": false,
              "skipped": false
            }
          ],
          "suites": [],
          "passes": [],
          "failures": [
            "0005e686-edff-4cd9-bb49-40518ca5cc73"
          ],
          "pending": [],
          "skipped": [],
          "duration": 271,
          "root": false,
          "rootEmpty": false,
          "_timeout": 2000
        }
      ],
      "passes": [],
      "failures": [],
      "pending": [],
      "skipped": [],
      "duration": 0,
      "root": true,
      "rootEmpty": true,
      "_timeout": 2000
    }
  ],
  "meta": {
    "mocha": {
      "version": "7.2.0"
    },
    "mochawesome": {
      "options": {
        "quiet": false,
        "reportFilename": "mochawesome",
        "saveHtml": true,
        "saveJson": true,
        "consoleReporter": "spec",
        "useInlineDiffs": false,
        "code": true
      },
      "version": "7.1.4"
    },
    "marge": {
      "options": {
        "reportDir": "cypress/reports",
        "overwrite": false,
        "html": true,
        "json": true,
        "charts": true,
        "reportPageTitle": "OrangeHRM Test Report",
        "inlineAssets": true
      },
      "version": "6.3.0"
    }
  }
}